<?xml version="1.0" encoding="UTF-8"?>
<coverage generated="1790068318863" clover="3.2.0">
  <project timestamp="1790068318863" name="All files">
    <metrics statements="91" coveredstatements="56" conditionals="75" coveredconditionals="46" methods="16" coveredmethods="9" elements="182" coveredelements="111" complexity="0" loc="91" ncloc="91" packages="1" files="4" classes="4"/>
    <file name="config.ts" path="C:\Users\30816\Desktop\anyuer678-improve\04-patches\repos\dsh-logtimeline\src\config.ts">
      <metrics statements="3" coveredstatements="3" conditionals="10" coveredconditionals="7" methods="1" coveredmethods="1"/>
      <line num="15" count="2" type="stmt"/>
      <line num="22" count="3" type="cond" truecount="1" falsecount="1"/>
      <line num="23" count="3" type="stmt"/>
    </file>
    <file name="index.ts" path="C:\Users\30816\Desktop\anyuer678-improve\04-patches\repos\dsh-logtimeline\src\index.ts">
      <metrics statements="3" coveredstatements="0" conditionals="0" coveredconditionals="0" methods="1" coveredmethods="0"/>
      <line num="11" count="0" type="stmt"/>
      <line num="14" count="0" type="stmt"/>
      <line num="24" count="0" type="stmt"/>
    </file>
    <file name="query.ts" path="C:\Users\30816\Desktop\anyuer678-improve\04-patches\repos\dsh-logtimeline\src\query.ts">
      <metrics statements="59" coveredstatements="53" conditionals="51" coveredconditionals="39" methods="9" coveredmethods="8"/>
      <line num="13" count="2" type="stmt"/>
      <line num="14" count="2" type="stmt"/>
      <line num="62" count="2" type="stmt"/>
      <line num="69" count="2" type="stmt"/>
      <line num="77" count="16" type="cond" truecount="1" falsecount="1"/>
      <line num="78" count="16" type="stmt"/>
      <line num="91" count="18" type="cond" truecount="4" falsecount="0"/>
      <line num="92" count="1" type="stmt"/>
      <line num="94" count="17" type="cond" truecount="5" falsecount="0"/>
      <line num="95" count="1" type="stmt"/>
      <line num="97" count="16" type="stmt"/>
      <line num="98" count="16" type="stmt"/>
      <line num="99" count="16" type="cond" truecount="4" falsecount="0"/>
      <line num="100" count="15" type="stmt"/>
      <line num="102" count="16" type="cond" truecount="2" falsecount="0"/>
      <line num="103" count="16" type="cond" truecount="2" falsecount="0"/>
      <line num="104" count="16" type="cond" truecount="2" falsecount="0"/>
      <line num="105" count="10" type="stmt"/>
      <line num="107" count="16" type="cond" truecount="2" falsecount="0"/>
      <line num="108" count="16" type="cond" truecount="2" falsecount="0"/>
      <line num="111" count="16" type="stmt"/>
      <line num="113" count="14" type="stmt"/>
      <line num="116" count="14" type="cond" truecount="2" falsecount="0"/>
      <line num="117" count="1" type="stmt"/>
      <line num="119" count="13" type="stmt"/>
      <line num="120" count="13" type="stmt"/>
      <line num="122" count="0" type="stmt"/>
      <line num="134" count="16" type="stmt"/>
      <line num="136" count="16" type="stmt"/>
      <line num="137" count="16" type="stmt"/>
      <line num="138" count="16" type="stmt"/>
      <line num="145" count="2" type="cond" truecount="3" falsecount="1"/>
      <line num="146" count="0" type="stmt"/>
      <line num="147" count="0" type="stmt"/>
      <line num="149" count="2" type="stmt"/>
      <line num="152" count="0" type="cond" truecount="0" falsecount="2"/>
      <line num="161" count="16" type="stmt"/>
      <line num="162" count="16" type="stmt"/>
      <line num="163" count="16" type="cond" truecount="2" falsecount="0"/>
      <line num="164" count="5" type="stmt"/>
      <line num="166" count="5" type="cond" truecount="2" falsecount="0"/>
      <line num="167" count="2" type="stmt"/>
      <line num="169" count="2" type="cond" truecount="4" falsecount="0"/>
      <line num="170" count="1" type="stmt"/>
      <line num="171" count="1" type="stmt"/>
      <line num="174" count="1" type="cond" truecount="1" falsecount="1"/>
      <line num="175" count="1" type="stmt"/>
      <line num="176" count="1" type="stmt"/>
      <line num="178" count="0" type="cond" truecount="0" falsecount="2"/>
      <line num="179" count="2" type="stmt"/>
      <line num="182" count="3" type="stmt"/>
      <line num="183" count="3" type="stmt"/>
      <line num="185" count="11" type="stmt"/>
      <line num="192" count="16" type="stmt"/>
      <line num="193" count="16" type="stmt"/>
      <line num="194" count="16" type="stmt"/>
      <line num="196" count="0" type="stmt"/>
      <line num="201" count="1" type="stmt"/>
      <line num="202" count="1" type="cond" truecount="1" falsecount="1"/>
    </file>
    <file name="runtime.ts" path="C:\Users\30816\Desktop\anyuer678-improve\04-patches\repos\dsh-logtimeline\src\runtime.ts">
      <metrics statements="26" coveredstatements="0" conditionals="14" coveredconditionals="0" methods="5" coveredmethods="0"/>
      <line num="14" count="0" type="stmt"/>
      <line num="15" count="0" type="stmt"/>
      <line num="18" count="0" type="stmt"/>
      <line num="23" count="0" type="stmt"/>
      <line num="24" count="0" type="stmt"/>
      <line num="25" count="0" type="stmt"/>
      <line num="100" count="0" type="stmt"/>
      <line num="101" count="0" type="stmt"/>
      <line num="102" count="0" type="stmt"/>
      <line num="103" count="0" type="cond" truecount="0" falsecount="2"/>
      <line num="104" count="0" type="stmt"/>
      <line num="105" count="0" type="cond" truecount="0" falsecount="2"/>
      <line num="106" count="0" type="cond" truecount="0" falsecount="4"/>
      <line num="107" count="0" type="stmt"/>
      <line num="109" count="0" type="cond" truecount="0" falsecount="2"/>
      <line num="110" count="0" type="stmt"/>
      <line num="111" count="0" type="stmt"/>
      <line num="113" count="0" type="stmt"/>
      <line num="114" count="0" type="cond" truecount="0" falsecount="2"/>
      <line num="117" count="0" type="cond" truecount="0" falsecount="2"/>
      <line num="118" count="0" type="stmt"/>
      <line num="119" count="0" type="stmt"/>
      <line num="120" count="0" type="stmt"/>
      <line num="121" count="0" type="stmt"/>
      <line num="123" count="0" type="stmt"/>
      <line num="127" count="0" type="stmt"/>
    </file>
  </project>
</coverage>
