{"C:\\Users\\30816\\Desktop\\anyuer678-improve\\04-patches\\repos\\dsh-logtimeline\\src\\config.ts": {"path":"C:\\Users\\30816\\Desktop\\anyuer678-improve\\04-patches\\repos\\dsh-logtimeline\\src\\config.ts","statementMap":{"0":{"start":{"line":15,"column":46},"end":{"line":18,"column":null}},"1":{"start":{"line":22,"column":15},"end":{"line":22,"column":null}},"2":{"start":{"line":23,"column":2},"end":{"line":30,"column":null}}},"fnMap":{"0":{"name":"resolveConfig","decl":{"start":{"line":21,"column":16},"end":{"line":21,"column":30}},"loc":{"start":{"line":21,"column":60},"end":{"line":31,"column":null}},"line":21}},"branchMap":{"0":{"loc":{"start":{"line":22,"column":15},"end":{"line":22,"column":null}},"type":"binary-expr","locations":[{"start":{"line":22,"column":15},"end":{"line":22,"column":22}},{"start":{"line":22,"column":22},"end":{"line":22,"column":null}}],"line":22},"1":{"loc":{"start":{"line":24,"column":15},"end":{"line":26,"column":null}},"type":"cond-expr","locations":[{"start":{"line":25,"column":8},"end":{"line":25,"column":null}},{"start":{"line":26,"column":8},"end":{"line":26,"column":null}}],"line":24},"2":{"loc":{"start":{"line":24,"column":15},"end":{"line":24,"column":null}},"type":"binary-expr","locations":[{"start":{"line":24,"column":15},"end":{"line":24,"column":52}},{"start":{"line":24,"column":52},"end":{"line":24,"column":null}}],"line":24},"3":{"loc":{"start":{"line":27,"column":15},"end":{"line":29,"column":null}},"type":"cond-expr","locations":[{"start":{"line":28,"column":8},"end":{"line":28,"column":null}},{"start":{"line":29,"column":8},"end":{"line":29,"column":null}}],"line":27},"4":{"loc":{"start":{"line":27,"column":15},"end":{"line":27,"column":null}},"type":"binary-expr","locations":[{"start":{"line":27,"column":15},"end":{"line":27,"column":52}},{"start":{"line":27,"column":52},"end":{"line":27,"column":null}}],"line":27}},"s":{"0":2,"1":3,"2":3},"f":{"0":3},"b":{"0":[3,0],"1":[0,3],"2":[3,0],"3":[1,2],"4":[3,1]},"meta":{"lastBranch":5,"lastFunction":1,"lastStatement":3,"seen":{"s:15:46:18:Infinity":0,"f:21:16:21:30":0,"s:22:15:22:Infinity":1,"b:22:15:22:22:22:22:22:Infinity":0,"s:23:2:30:Infinity":2,"b:25:8:25:Infinity:26:8:26:Infinity":1,"b:24:15:24:52:24:52:24:Infinity":2,"b:28:8:28:Infinity:29:8:29:Infinity":3,"b:27:15:27:52:27:52:27:Infinity":4},"fnNames":{}}}
,"C:\\Users\\30816\\Desktop\\anyuer678-improve\\04-patches\\repos\\dsh-logtimeline\\src\\index.ts": {"path":"C:\\Users\\30816\\Desktop\\anyuer678-improve\\04-patches\\repos\\dsh-logtimeline\\src\\index.ts","statementMap":{"0":{"start":{"line":11,"column":20},"end":{"line":11,"column":null}},"1":{"start":{"line":14,"column":32},"end":{"line":14,"column":null}},"2":{"start":{"line":24,"column":2},"end":{"line":24,"column":null}}},"fnMap":{"0":{"name":"apply","decl":{"start":{"line":23,"column":16},"end":{"line":23,"column":22}},"loc":{"start":{"line":23,"column":60},"end":{"line":25,"column":null}},"line":23}},"branchMap":{},"s":{"0":0,"1":0,"2":0},"f":{"0":0},"b":{},"meta":{"lastBranch":0,"lastFunction":1,"lastStatement":3,"seen":{"s:11:20:11:Infinity":0,"s:14:32:14:Infinity":1,"f:23:16:23:22":0,"s:24:2:24:Infinity":2},"fnNames":{}}}
,"C:\\Users\\30816\\Desktop\\anyuer678-improve\\04-patches\\repos\\dsh-logtimeline\\src\\query.ts": {"path":"C:\\Users\\30816\\Desktop\\anyuer678-improve\\04-patches\\repos\\dsh-logtimeline\\src\\query.ts","statementMap":{"0":{"start":{"line":13,"column":20},"end":{"line":13,"column":null}},"1":{"start":{"line":14,"column":18},"end":{"line":14,"column":null}},"2":{"start":{"line":62,"column":22},"end":{"line":62,"column":null}},"3":{"start":{"line":69,"column":26},"end":{"line":69,"column":null}},"4":{"start":{"line":77,"column":2},"end":{"line":77,"column":null}},"5":{"start":{"line":77,"column":34},"end":{"line":77,"column":null}},"6":{"start":{"line":78,"column":2},"end":{"line":82,"column":null}},"7":{"start":{"line":91,"column":2},"end":{"line":93,"column":null}},"8":{"start":{"line":92,"column":4},"end":{"line":92,"column":null}},"9":{"start":{"line":94,"column":2},"end":{"line":96,"column":null}},"10":{"start":{"line":95,"column":4},"end":{"line":95,"column":null}},"11":{"start":{"line":97,"column":17},"end":{"line":97,"column":null}},"12":{"start":{"line":98,"column":25},"end":{"line":98,"column":null}},"13":{"start":{"line":99,"column":2},"end":{"line":101,"column":null}},"14":{"start":{"line":100,"column":4},"end":{"line":100,"column":null}},"15":{"start":{"line":102,"column":2},"end":{"line":102,"column":null}},"16":{"start":{"line":102,"column":16},"end":{"line":102,"column":null}},"17":{"start":{"line":103,"column":2},"end":{"line":103,"column":null}},"18":{"start":{"line":103,"column":20},"end":{"line":103,"column":null}},"19":{"start":{"line":104,"column":2},"end":{"line":106,"column":null}},"20":{"start":{"line":105,"column":4},"end":{"line":105,"column":null}},"21":{"start":{"line":107,"column":2},"end":{"line":107,"column":null}},"22":{"start":{"line":107,"column":18},"end":{"line":107,"column":null}},"23":{"start":{"line":108,"column":2},"end":{"line":108,"column":null}},"24":{"start":{"line":108,"column":21},"end":{"line":108,"column":null}},"25":{"start":{"line":111,"column":35},"end":{"line":111,"column":null}},"26":{"start":{"line":113,"column":15},"end":{"line":113,"column":null}},"27":{"start":{"line":116,"column":2},"end":{"line":118,"column":null}},"28":{"start":{"line":117,"column":4},"end":{"line":117,"column":null}},"29":{"start":{"line":119,"column":2},"end":{"line":125,"column":null}},"30":{"start":{"line":120,"column":4},"end":{"line":120,"column":null}},"31":{"start":{"line":122,"column":4},"end":{"line":124,"column":null}},"32":{"start":{"line":134,"column":21},"end":{"line":134,"column":null}},"33":{"start":{"line":136,"column":2},"end":{"line":151,"column":null}},"34":{"start":{"line":137,"column":4},"end":{"line":150,"column":null}},"35":{"start":{"line":138,"column":6},"end":{"line":143,"column":null}},"36":{"start":{"line":145,"column":6},"end":{"line":148,"column":null}},"37":{"start":{"line":146,"column":8},"end":{"line":146,"column":null}},"38":{"start":{"line":147,"column":8},"end":{"line":147,"column":null}},"39":{"start":{"line":149,"column":6},"end":{"line":149,"column":null}},"40":{"start":{"line":152,"column":2},"end":{"line":152,"column":null}},"41":{"start":{"line":152,"column":80},"end":{"line":152,"column":81}},"42":{"start":{"line":161,"column":2},"end":{"line":187,"column":null}},"43":{"start":{"line":162,"column":4},"end":{"line":186,"column":null}},"44":{"start":{"line":163,"column":6},"end":{"line":184,"column":null}},"45":{"start":{"line":164,"column":22},"end":{"line":164,"column":null}},"46":{"start":{"line":166,"column":8},"end":{"line":180,"column":null}},"47":{"start":{"line":167,"column":22},"end":{"line":167,"column":null}},"48":{"start":{"line":169,"column":10},"end":{"line":172,"column":null}},"49":{"start":{"line":170,"column":12},"end":{"line":170,"column":null}},"50":{"start":{"line":171,"column":12},"end":{"line":171,"column":null}},"51":{"start":{"line":174,"column":10},"end":{"line":177,"column":null}},"52":{"start":{"line":175,"column":12},"end":{"line":175,"column":null}},"53":{"start":{"line":176,"column":12},"end":{"line":176,"column":null}},"54":{"start":{"line":178,"column":10},"end":{"line":178,"column":null}},"55":{"start":{"line":179,"column":10},"end":{"line":179,"column":null}},"56":{"start":{"line":182,"column":8},"end":{"line":182,"column":null}},"57":{"start":{"line":183,"column":8},"end":{"line":183,"column":null}},"58":{"start":{"line":185,"column":6},"end":{"line":185,"column":null}},"59":{"start":{"line":192,"column":2},"end":{"line":197,"column":null}},"60":{"start":{"line":193,"column":4},"end":{"line":193,"column":null}},"61":{"start":{"line":194,"column":4},"end":{"line":194,"column":null}},"62":{"start":{"line":196,"column":4},"end":{"line":196,"column":null}},"63":{"start":{"line":201,"column":12},"end":{"line":201,"column":null}},"64":{"start":{"line":202,"column":2},"end":{"line":202,"column":null}}},"fnMap":{"0":{"name":"pythonCandidates","decl":{"start":{"line":76,"column":9},"end":{"line":76,"column":26}},"loc":{"start":{"line":76,"column":74},"end":{"line":83,"column":null}},"line":76},"1":{"name":"runLogQuery","decl":{"start":{"line":86,"column":22},"end":{"line":86,"column":null}},"loc":{"start":{"line":90,"column":27},"end":{"line":126,"column":null}},"line":90},"2":{"name":"runWithFallback","decl":{"start":{"line":129,"column":15},"end":{"line":129,"column":null}},"loc":{"start":{"line":133,"column":61},"end":{"line":153,"column":null}},"line":133},"3":{"name":"(anonymous_3)","decl":{"start":{"line":152,"column":67},"end":{"line":152,"column":72}},"loc":{"start":{"line":152,"column":80},"end":{"line":152,"column":81}},"line":152},"4":{"name":"execFileAsync","decl":{"start":{"line":156,"column":9},"end":{"line":156,"column":null}},"loc":{"start":{"line":160,"column":61},"end":{"line":188,"column":null}},"line":160},"5":{"name":"(anonymous_5)","decl":{"start":{"line":161,"column":13},"end":{"line":161,"column":22}},"loc":{"start":{"line":161,"column":42},"end":{"line":187,"column":3}},"line":161},"6":{"name":"(anonymous_6)","decl":{"start":{"line":162,"column":25},"end":{"line":162,"column":32}},"loc":{"start":{"line":162,"column":58},"end":{"line":186,"column":5}},"line":162},"7":{"name":"assertLqScript","decl":{"start":{"line":191,"column":15},"end":{"line":191,"column":49}},"loc":{"start":{"line":191,"column":49},"end":{"line":198,"column":null}},"line":191},"8":{"name":"trimTail","decl":{"start":{"line":200,"column":9},"end":{"line":200,"column":18}},"loc":{"start":{"line":200,"column":40},"end":{"line":203,"column":null}},"line":200}},"branchMap":{"0":{"loc":{"start":{"line":77,"column":2},"end":{"line":77,"column":null}},"type":"if","locations":[{"start":{"line":77,"column":2},"end":{"line":77,"column":null}},{"start":{},"end":{}}],"line":77},"1":{"loc":{"start":{"line":91,"column":2},"end":{"line":93,"column":null}},"type":"if","locations":[{"start":{"line":91,"column":2},"end":{"line":93,"column":null}},{"start":{},"end":{}}],"line":91},"2":{"loc":{"start":{"line":91,"column":6},"end":{"line":91,"column":61}},"type":"binary-expr","locations":[{"start":{"line":91,"column":6},"end":{"line":91,"column":25}},{"start":{"line":91,"column":25},"end":{"line":91,"column":61}}],"line":91},"3":{"loc":{"start":{"line":94,"column":2},"end":{"line":96,"column":null}},"type":"if","locations":[{"start":{"line":94,"column":2},"end":{"line":96,"column":null}},{"start":{},"end":{}}],"line":94},"4":{"loc":{"start":{"line":94,"column":2},"end":{"line":94,"column":61}},"type":"binary-expr","locations":[{"start":{"line":94,"column":7},"end":{"line":94,"column":22}},{"start":{"line":94,"column":22},"end":{"line":94,"column":50}},{"start":{"line":94,"column":50},"end":{"line":94,"column":61}}],"line":94},"5":{"loc":{"start":{"line":99,"column":2},"end":{"line":101,"column":null}},"type":"if","locations":[{"start":{"line":99,"column":2},"end":{"line":101,"column":null}},{"start":{},"end":{}}],"line":99},"6":{"loc":{"start":{"line":99,"column":6},"end":{"line":99,"column":43}},"type":"binary-expr","locations":[{"start":{"line":99,"column":6},"end":{"line":99,"column":20}},{"start":{"line":99,"column":20},"end":{"line":99,"column":43}}],"line":99},"7":{"loc":{"start":{"line":102,"column":2},"end":{"line":102,"column":null}},"type":"if","locations":[{"start":{"line":102,"column":2},"end":{"line":102,"column":null}},{"start":{},"end":{}}],"line":102},"8":{"loc":{"start":{"line":103,"column":2},"end":{"line":103,"column":null}},"type":"if","locations":[{"start":{"line":103,"column":2},"end":{"line":103,"column":null}},{"start":{},"end":{}}],"line":103},"9":{"loc":{"start":{"line":104,"column":2},"end":{"line":106,"column":null}},"type":"if","locations":[{"start":{"line":104,"column":2},"end":{"line":106,"column":null}},{"start":{},"end":{}}],"line":104},"10":{"loc":{"start":{"line":107,"column":2},"end":{"line":107,"column":null}},"type":"if","locations":[{"start":{"line":107,"column":2},"end":{"line":107,"column":null}},{"start":{},"end":{}}],"line":107},"11":{"loc":{"start":{"line":108,"column":2},"end":{"line":108,"column":null}},"type":"if","locations":[{"start":{"line":108,"column":2},"end":{"line":108,"column":null}},{"start":{},"end":{}}],"line":108},"12":{"loc":{"start":{"line":116,"column":2},"end":{"line":118,"column":null}},"type":"if","locations":[{"start":{"line":116,"column":2},"end":{"line":118,"column":null}},{"start":{},"end":{}}],"line":116},"13":{"loc":{"start":{"line":123,"column":38},"end":{"line":123,"column":null}},"type":"binary-expr","locations":[{"start":{"line":123,"column":38},"end":{"line":123,"column":59}},{"start":{"line":123,"column":59},"end":{"line":123,"column":null}}],"line":123},"14":{"loc":{"start":{"line":123,"column":59},"end":{"line":123,"column":null}},"type":"cond-expr","locations":[{"start":{"line":123,"column":82},"end":{"line":123,"column":96}},{"start":{"line":123,"column":96},"end":{"line":123,"column":null}}],"line":123},"15":{"loc":{"start":{"line":145,"column":6},"end":{"line":148,"column":null}},"type":"if","locations":[{"start":{"line":145,"column":6},"end":{"line":148,"column":null}},{"start":{},"end":{}}],"line":145},"16":{"loc":{"start":{"line":145,"column":10},"end":{"line":145,"column":66}},"type":"binary-expr","locations":[{"start":{"line":145,"column":10},"end":{"line":145,"column":34}},{"start":{"line":145,"column":34},"end":{"line":145,"column":66}}],"line":145},"17":{"loc":{"start":{"line":152,"column":8},"end":{"line":152,"column":null}},"type":"binary-expr","locations":[{"start":{"line":152,"column":8},"end":{"line":152,"column":21}},{"start":{"line":152,"column":21},"end":{"line":152,"column":null}}],"line":152},"18":{"loc":{"start":{"line":163,"column":6},"end":{"line":184,"column":null}},"type":"if","locations":[{"start":{"line":163,"column":6},"end":{"line":184,"column":null}},{"start":{},"end":{}}],"line":163},"19":{"loc":{"start":{"line":166,"column":8},"end":{"line":180,"column":null}},"type":"if","locations":[{"start":{"line":166,"column":8},"end":{"line":180,"column":null}},{"start":{},"end":{}}],"line":166},"20":{"loc":{"start":{"line":169,"column":10},"end":{"line":172,"column":null}},"type":"if","locations":[{"start":{"line":169,"column":10},"end":{"line":172,"column":null}},{"start":{},"end":{}}],"line":169},"21":{"loc":{"start":{"line":169,"column":14},"end":{"line":169,"column":65}},"type":"binary-expr","locations":[{"start":{"line":169,"column":14},"end":{"line":169,"column":38}},{"start":{"line":169,"column":38},"end":{"line":169,"column":65}}],"line":169},"22":{"loc":{"start":{"line":174,"column":10},"end":{"line":177,"column":null}},"type":"if","locations":[{"start":{"line":174,"column":10},"end":{"line":177,"column":null}},{"start":{},"end":{}}],"line":174},"23":{"loc":{"start":{"line":178,"column":53},"end":{"line":178,"column":66}},"type":"binary-expr","locations":[{"start":{"line":178,"column":53},"end":{"line":178,"column":61}},{"start":{"line":178,"column":61},"end":{"line":178,"column":66}}],"line":178},"24":{"loc":{"start":{"line":202,"column":9},"end":{"line":202,"column":null}},"type":"cond-expr","locations":[{"start":{"line":202,"column":26},"end":{"line":202,"column":48}},{"start":{"line":202,"column":48},"end":{"line":202,"column":null}}],"line":202}},"s":{"0":2,"1":2,"2":2,"3":2,"4":16,"5":0,"6":16,"7":18,"8":1,"9":17,"10":1,"11":16,"12":16,"13":16,"14":15,"15":16,"16":1,"17":16,"18":1,"19":16,"20":10,"21":16,"22":2,"23":16,"24":1,"25":16,"26":14,"27":14,"28":1,"29":13,"30":13,"31":0,"32":16,"33":16,"34":16,"35":16,"36":2,"37":0,"38":0,"39":2,"40":0,"41":0,"42":16,"43":16,"44":16,"45":5,"46":5,"47":2,"48":2,"49":1,"50":1,"51":1,"52":1,"53":1,"54":0,"55":2,"56":3,"57":3,"58":11,"59":16,"60":16,"61":16,"62":0,"63":1,"64":1},"f":{"0":16,"1":18,"2":16,"3":0,"4":16,"5":16,"6":16,"7":16,"8":1},"b":{"0":[0,16],"1":[1,17],"2":[18,18],"3":[1,16],"4":[17,15,2],"5":[15,1],"6":[16,15],"7":[1,15],"8":[1,15],"9":[10,6],"10":[2,14],"11":[1,15],"12":[1,13],"13":[0,0],"14":[0,0],"15":[0,2],"16":[2,2],"17":[0,0],"18":[5,11],"19":[2,3],"20":[1,1],"21":[2,1],"22":[1,0],"23":[0,0],"24":[0,1]},"meta":{"lastBranch":25,"lastFunction":9,"lastStatement":65,"seen":{"s:13:20:13:Infinity":0,"s:14:18:14:Infinity":1,"s:62:22:62:Infinity":2,"s:69:26:69:Infinity":3,"f:76:9:76:26":0,"b:77:2:77:Infinity:undefined:undefined:undefined:undefined":0,"s:77:2:77:Infinity":4,"s:77:34:77:Infinity":5,"s:78:2:82:Infinity":6,"f:86:22:86:Infinity":1,"b:91:2:93:Infinity:undefined:undefined:undefined:undefined":1,"s:91:2:93:Infinity":7,"b:91:6:91:25:91:25:91:61":2,"s:92:4:92:Infinity":8,"b:94:2:96:Infinity:undefined:undefined:undefined:undefined":3,"s:94:2:96:Infinity":9,"b:94:7:94:22:94:22:94:50:94:50:94:61":4,"s:95:4:95:Infinity":10,"s:97:17:97:Infinity":11,"s:98:25:98:Infinity":12,"b:99:2:101:Infinity:undefined:undefined:undefined:undefined":5,"s:99:2:101:Infinity":13,"b:99:6:99:20:99:20:99:43":6,"s:100:4:100:Infinity":14,"b:102:2:102:Infinity:undefined:undefined:undefined:undefined":7,"s:102:2:102:Infinity":15,"s:102:16:102:Infinity":16,"b:103:2:103:Infinity:undefined:undefined:undefined:undefined":8,"s:103:2:103:Infinity":17,"s:103:20:103:Infinity":18,"b:104:2:106:Infinity:undefined:undefined:undefined:undefined":9,"s:104:2:106:Infinity":19,"s:105:4:105:Infinity":20,"b:107:2:107:Infinity:undefined:undefined:undefined:undefined":10,"s:107:2:107:Infinity":21,"s:107:18:107:Infinity":22,"b:108:2:108:Infinity:undefined:undefined:undefined:undefined":11,"s:108:2:108:Infinity":23,"s:108:21:108:Infinity":24,"s:111:35:111:Infinity":25,"s:113:15:113:Infinity":26,"b:116:2:118:Infinity:undefined:undefined:undefined:undefined":12,"s:116:2:118:Infinity":27,"s:117:4:117:Infinity":28,"s:119:2:125:Infinity":29,"s:120:4:120:Infinity":30,"s:122:4:124:Infinity":31,"b:123:38:123:59:123:59:123:Infinity":13,"b:123:82:123:96:123:96:123:Infinity":14,"f:129:15:129:Infinity":2,"s:134:21:134:Infinity":32,"s:136:2:151:Infinity":33,"s:137:4:150:Infinity":34,"s:138:6:143:Infinity":35,"b:145:6:148:Infinity:undefined:undefined:undefined:undefined":15,"s:145:6:148:Infinity":36,"b:145:10:145:34:145:34:145:66":16,"s:146:8:146:Infinity":37,"s:147:8:147:Infinity":38,"s:149:6:149:Infinity":39,"s:152:2:152:Infinity":40,"b:152:8:152:21:152:21:152:Infinity":17,"f:152:67:152:72":3,"s:152:80:152:81":41,"f:156:9:156:Infinity":4,"s:161:2:187:Infinity":42,"f:161:13:161:22":5,"s:162:4:186:Infinity":43,"f:162:25:162:32":6,"b:163:6:184:Infinity:undefined:undefined:undefined:undefined":18,"s:163:6:184:Infinity":44,"s:164:22:164:Infinity":45,"b:166:8:180:Infinity:undefined:undefined:undefined:undefined":19,"s:166:8:180:Infinity":46,"s:167:22:167:Infinity":47,"b:169:10:172:Infinity:undefined:undefined:undefined:undefined":20,"s:169:10:172:Infinity":48,"b:169:14:169:38:169:38:169:65":21,"s:170:12:170:Infinity":49,"s:171:12:171:Infinity":50,"b:174:10:177:Infinity:undefined:undefined:undefined:undefined":22,"s:174:10:177:Infinity":51,"s:175:12:175:Infinity":52,"s:176:12:176:Infinity":53,"s:178:10:178:Infinity":54,"b:178:53:178:61:178:61:178:66":23,"s:179:10:179:Infinity":55,"s:182:8:182:Infinity":56,"s:183:8:183:Infinity":57,"s:185:6:185:Infinity":58,"f:191:15:191:49":7,"s:192:2:197:Infinity":59,"s:193:4:193:Infinity":60,"s:194:4:194:Infinity":61,"s:196:4:196:Infinity":62,"f:200:9:200:18":8,"s:201:12:201:Infinity":63,"s:202:2:202:Infinity":64,"b:202:26:202:48:202:48:202:Infinity":24},"fnNames":{}}}
,"C:\\Users\\30816\\Desktop\\anyuer678-improve\\04-patches\\repos\\dsh-logtimeline\\src\\runtime.ts": {"path":"C:\\Users\\30816\\Desktop\\anyuer678-improve\\04-patches\\repos\\dsh-logtimeline\\src\\runtime.ts","statementMap":{"0":{"start":{"line":14,"column":16},"end":{"line":14,"column":null}},"1":{"start":{"line":15,"column":16},"end":{"line":15,"column":null}},"2":{"start":{"line":18,"column":2},"end":{"line":18,"column":null}},"3":{"start":{"line":23,"column":14},"end":{"line":23,"column":null}},"4":{"start":{"line":24,"column":2},"end":{"line":24,"column":null}},"5":{"start":{"line":25,"column":2},"end":{"line":129,"column":null}},"6":{"start":{"line":100,"column":18},"end":{"line":100,"column":null}},"7":{"start":{"line":101,"column":32},"end":{"line":101,"column":null}},"8":{"start":{"line":102,"column":8},"end":{"line":102,"column":null}},"9":{"start":{"line":103,"column":8},"end":{"line":103,"column":null}},"10":{"start":{"line":104,"column":22},"end":{"line":104,"column":null}},"11":{"start":{"line":105,"column":8},"end":{"line":105,"column":null}},"12":{"start":{"line":106,"column":8},"end":{"line":108,"column":null}},"13":{"start":{"line":107,"column":10},"end":{"line":107,"column":null}},"14":{"start":{"line":107,"column":82},"end":{"line":107,"column":94}},"15":{"start":{"line":109,"column":8},"end":{"line":116,"column":null}},"16":{"start":{"line":110,"column":10},"end":{"line":110,"column":null}},"17":{"start":{"line":111,"column":10},"end":{"line":115,"column":null}},"18":{"start":{"line":113,"column":24},"end":{"line":113,"column":null}},"19":{"start":{"line":114,"column":12},"end":{"line":114,"column":null}},"20":{"start":{"line":117,"column":8},"end":{"line":122,"column":null}},"21":{"start":{"line":118,"column":10},"end":{"line":118,"column":null}},"22":{"start":{"line":119,"column":10},"end":{"line":119,"column":null}},"23":{"start":{"line":120,"column":10},"end":{"line":120,"column":null}},"24":{"start":{"line":120,"column":47},"end":{"line":120,"column":null}},"25":{"start":{"line":121,"column":10},"end":{"line":121,"column":null}},"26":{"start":{"line":121,"column":50},"end":{"line":121,"column":null}},"27":{"start":{"line":123,"column":8},"end":{"line":123,"column":null}},"28":{"start":{"line":127,"column":6},"end":{"line":127,"column":null}}},"fnMap":{"0":{"name":"stripControl","decl":{"start":{"line":17,"column":9},"end":{"line":17,"column":22}},"loc":{"start":{"line":17,"column":41},"end":{"line":19,"column":null}},"line":17},"1":{"name":"registerTool","decl":{"start":{"line":22,"column":16},"end":{"line":22,"column":29}},"loc":{"start":{"line":22,"column":69},"end":{"line":130,"column":null}},"line":22},"2":{"name":"(anonymous_2)","decl":{"start":{"line":99,"column":6},"end":{"line":99,"column":15}},"loc":{"start":{"line":99,"column":32},"end":{"line":124,"column":null}},"line":99},"3":{"name":"(anonymous_3)","decl":{"start":{"line":107,"column":66},"end":{"line":107,"column":71}},"loc":{"start":{"line":107,"column":82},"end":{"line":107,"column":94}},"line":107},"4":{"name":"execute","decl":{"start":{"line":126,"column":10},"end":{"line":126,"column":18}},"loc":{"start":{"line":126,"column":30},"end":{"line":128,"column":null}},"line":126}},"branchMap":{"0":{"loc":{"start":{"line":103,"column":84},"end":{"line":103,"column":117}},"type":"cond-expr","locations":[{"start":{"line":103,"column":105},"end":{"line":103,"column":114}},{"start":{"line":103,"column":114},"end":{"line":103,"column":117}}],"line":103},"1":{"loc":{"start":{"line":105,"column":116},"end":{"line":105,"column":168}},"type":"cond-expr","locations":[{"start":{"line":105,"column":135},"end":{"line":105,"column":164}},{"start":{"line":105,"column":164},"end":{"line":105,"column":168}}],"line":105},"2":{"loc":{"start":{"line":106,"column":8},"end":{"line":108,"column":null}},"type":"if","locations":[{"start":{"line":106,"column":8},"end":{"line":108,"column":null}},{"start":{},"end":{}}],"line":106},"3":{"loc":{"start":{"line":106,"column":12},"end":{"line":106,"column":82}},"type":"binary-expr","locations":[{"start":{"line":106,"column":12},"end":{"line":106,"column":36}},{"start":{"line":106,"column":36},"end":{"line":106,"column":82}}],"line":106},"4":{"loc":{"start":{"line":109,"column":8},"end":{"line":116,"column":null}},"type":"if","locations":[{"start":{"line":109,"column":8},"end":{"line":116,"column":null}},{"start":{},"end":{}}],"line":109},"5":{"loc":{"start":{"line":114,"column":42},"end":{"line":114,"column":85}},"type":"cond-expr","locations":[{"start":{"line":114,"column":59},"end":{"line":114,"column":82}},{"start":{"line":114,"column":82},"end":{"line":114,"column":85}}],"line":114},"6":{"loc":{"start":{"line":117,"column":8},"end":{"line":122,"column":null}},"type":"if","locations":[{"start":{"line":117,"column":8},"end":{"line":122,"column":null}},{"start":{},"end":{}}],"line":117}},"s":{"0":0,"1":0,"2":0,"3":0,"4":0,"5":0,"6":0,"7":0,"8":0,"9":0,"10":0,"11":0,"12":0,"13":0,"14":0,"15":0,"16":0,"17":0,"18":0,"19":0,"20":0,"21":0,"22":0,"23":0,"24":0,"25":0,"26":0,"27":0,"28":0},"f":{"0":0,"1":0,"2":0,"3":0,"4":0},"b":{"0":[0,0],"1":[0,0],"2":[0,0],"3":[0,0],"4":[0,0],"5":[0,0],"6":[0,0]},"meta":{"lastBranch":7,"lastFunction":5,"lastStatement":29,"seen":{"s:14:16:14:Infinity":0,"s:15:16:15:Infinity":1,"f:17:9:17:22":0,"s:18:2:18:Infinity":2,"f:22:16:22:29":1,"s:23:14:23:Infinity":3,"s:24:2:24:Infinity":4,"s:25:2:129:Infinity":5,"f:99:6:99:15":2,"s:100:18:100:Infinity":6,"s:101:32:101:Infinity":7,"s:102:8:102:Infinity":8,"s:103:8:103:Infinity":9,"b:103:105:103:114:103:114:103:117":0,"s:104:22:104:Infinity":10,"s:105:8:105:Infinity":11,"b:105:135:105:164:105:164:105:168":1,"b:106:8:108:Infinity:undefined:undefined:undefined:undefined":2,"s:106:8:108:Infinity":12,"b:106:12:106:36:106:36:106:82":3,"s:107:10:107:Infinity":13,"f:107:66:107:71":3,"s:107:82:107:94":14,"b:109:8:116:Infinity:undefined:undefined:undefined:undefined":4,"s:109:8:116:Infinity":15,"s:110:10:110:Infinity":16,"s:111:10:115:Infinity":17,"s:113:24:113:Infinity":18,"s:114:12:114:Infinity":19,"b:114:59:114:82:114:82:114:85":5,"b:117:8:122:Infinity:undefined:undefined:undefined:undefined":6,"s:117:8:122:Infinity":20,"s:118:10:118:Infinity":21,"s:119:10:119:Infinity":22,"s:120:10:120:Infinity":23,"s:120:47:120:Infinity":24,"s:121:10:121:Infinity":25,"s:121:50:121:Infinity":26,"s:123:8:123:Infinity":27,"f:126:10:126:18":4,"s:127:6:127:Infinity":28},"fnNames":{}}}
}
